<?xml version="1.0" encoding="UTF-8"?>
<!-- Generated by org.testng.reporters.JUnitReportReporter -->
<testsuite skipped="0" hostname="DESKTOP-C9OMQNM" name="SDETJob.PersonalInfoTest" tests="2" failures="0" timestamp="25 Jun 2018 20:57:53 GMT" time="22.357" errors="0">
  <testcase name="submitFullApplication" time="21.650" classname="SDETJob.PersonalInfoTest"/>
  <testcase name="fullNameEmtyTest" time="0.707" classname="SDETJob.PersonalInfoTest"/>
</testsuite> <!-- SDETJob.PersonalInfoTest -->
